<?xml version="1.0" encoding="UTF-8" ?>
<testsuites errors="1"
            failures="1"
            tests="1">

  <testsuite name="LoginViaPlus"
    errors="1" failures="1" hostname="" id="" package="LoginViaPlus" skipped="0"
    tests="1" time="10.75" timestamp="">
  
    <testcase name="Login via Plus Content button on main page" classname="LoginViaPlus" time="10.75" assertions="3">

    

      <failure message="Timed out while waiting for element &lt;//*[@id=&#34;email&#34;]&gt; to be present for 5000 milliseconds. - expected &#34;found&#34; but got: &#34;not found&#34; (5111ms)">    at Page.typeEmailInInput (/home/dev-qa/night/page-objects/LoginPage/loginPage.js:18:10)
    at Object.Login via Plus Content button on main page (/home/dev-qa/night/tests/LoginViaPlus.js:21:8)</failure>

    
    <error message="Timed out while waiting for element &lt;//*[@id=&#34;email&#34;]&gt; to be present for 5000 milliseconds. - expected [0;32m&#34;found&#34;[0m but got: [0;31m&#34;not found&#34;[0m [0;90m(5111ms)[0m" type="error"><![CDATA[
        at Page.typeEmailInInput (/home/dev-qa/night/page-objects/LoginPage/loginPage.js:18:10)
    at Object.Login via Plus Content button on main page (/home/dev-qa/night/tests/LoginViaPlus.js:21:8)
    ]]></error>
    
    </testcase>
  

  
    <system-err>
        TimeoutError: An error occurred while running .click() command on &lt;Element [name=@mainPagePlusContentLoginButton]&gt;: click intercepted; 
   {&#34;status&#34;:-1,&#34;code&#34;:&#34;&#34;,&#34;state&#34;:&#34;&#34;,&#34;value&#34;:{&#34;error&#34;:&#34;click intercepted&#34;,&#34;message&#34;:&#34;&#34;,&#34;stacktrace&#34;:&#34;&#34;},&#34;errorStatus&#34;:13,&#34;error&#34;:&#34;An unknown error has occurred.&#34;,&#34;httpStatusCode&#34;:400}
       at Page.clickPlusContentLoginButton (/home/dev-qa/night/page-objects/MainPage/mainPage.js:44:10)
       at Object.Login via Plus Content button on main page (/home/dev-qa/night/tests/LoginViaPlus.js:19:8)
  TimeoutError: An error occurred while running .click() command on &lt;Element [name=@accountPageMainInfoTab]&gt;: click intercepted; 
   {&#34;status&#34;:-1,&#34;code&#34;:&#34;&#34;,&#34;state&#34;:&#34;&#34;,&#34;value&#34;:{&#34;error&#34;:&#34;click intercepted&#34;,&#34;message&#34;:&#34;&#34;,&#34;stacktrace&#34;:&#34;&#34;},&#34;errorStatus&#34;:13,&#34;error&#34;:&#34;An unknown error has occurred.&#34;,&#34;httpStatusCode&#34;:400}
       at Promise.clickMainInfoTab (/home/dev-qa/night/page-objects/AccountPage/accountInfo.js:40:10)
       at Object.Observing Account Page agter login with correct data (/home/dev-qa/night/tests/ObserveAccountPage.js:40:8)
    </system-err>
  

    

  
  </testsuite>
</testsuites>
